# JRE version: Java(TM) SE Runtime Environment (8.0_281-b09) (build 1.8.0_281-b09)
# Java VM: Java HotSpot(TM) 64-Bit Server VM (25.281-b09 mixed mode windows-amd64 compressed oops)
Heap:
 PSYoungGen      total 284672K, used 42242K [0x00000000d5d80000, 0x00000000f7300000, 0x0000000100000000)
  eden space 258560K, 16% used [0x00000000d5d80000,0x00000000d86c0ba0,0x00000000e5a00000)
  from space 26112K, 0% used [0x00000000e5a00000,0x00000000e5a00000,0x00000000e7380000)
  to   space 24064K, 0% used [0x00000000f5b80000,0x00000000f5b80000,0x00000000f7300000)
 ParOldGen       total 71168K, used 18962K [0x0000000081800000, 0x0000000085d80000, 0x00000000d5d80000)
  object space 71168K, 26% used [0x0000000081800000,0x0000000082a84920,0x0000000085d80000)
 Metaspace       used 35763K, capacity 36528K, committed 36824K, reserved 1081344K
  class space    used 3769K, capacity 3984K, committed 4056K, reserved 1048576K
GC Heap History (10 events):
Event: 4.771 GC heap before
{Heap before GC invocations=5 (full 0):
 PSYoungGen      total 138240K, used 5359K [0x00000000d5d80000, 0x00000000de980000, 0x0000000100000000)
  eden space 133120K, 0% used [0x00000000d5d80000,0x00000000d5dc1420,0x00000000ddf80000)
  from space 5120K, 99% used [0x00000000de480000,0x00000000de97a860,0x00000000de980000)
  to   space 5120K, 0% used [0x00000000ddf80000,0x00000000ddf80000,0x00000000de480000)
 ParOldGen       total 87552K, used 23243K [0x0000000081800000, 0x0000000086d80000, 0x00000000d5d80000)
  object space 87552K, 26% used [0x0000000081800000,0x0000000082eb2ec8,0x0000000086d80000)
 Metaspace       used 20619K, capacity 21104K, committed 21248K, reserved 1069056K
  class space    used 2275K, capacity 2433K, committed 2560K, reserved 1048576K
Event: 4.778 GC heap after
Heap after GC invocations=5 (full 0):
 PSYoungGen      total 138240K, used 5034K [0x00000000d5d80000, 0x00000000e8980000, 0x0000000100000000)
  eden space 133120K, 0% used [0x00000000d5d80000,0x00000000d5d80000,0x00000000ddf80000)
  from space 5120K, 98% used [0x00000000ddf80000,0x00000000de46a860,0x00000000de480000)
  to   space 20480K, 0% used [0x00000000e7580000,0x00000000e7580000,0x00000000e8980000)
 ParOldGen       total 87552K, used 23243K [0x0000000081800000, 0x0000000086d80000, 0x00000000d5d80000)
  object space 87552K, 26% used [0x0000000081800000,0x0000000082eb2ec8,0x0000000086d80000)
 Metaspace       used 20619K, capacity 21104K, committed 21248K, reserved 1069056K
  class space    used 2275K, capacity 2433K, committed 2560K, reserved 1048576K
}
Event: 4.778 GC heap before
{Heap before GC invocations=6 (full 1):
 PSYoungGen      total 138240K, used 5034K [0x00000000d5d80000, 0x00000000e8980000, 0x0000000100000000)
  eden space 133120K, 0% used [0x00000000d5d80000,0x00000000d5d80000,0x00000000ddf80000)
  from space 5120K, 98% used [0x00000000ddf80000,0x00000000de46a860,0x00000000de480000)
  to   space 20480K, 0% used [0x00000000e7580000,0x00000000e7580000,0x00000000e8980000)
 ParOldGen       total 87552K, used 23243K [0x0000000081800000, 0x0000000086d80000, 0x00000000d5d80000)
  object space 87552K, 26% used [0x0000000081800000,0x0000000082eb2ec8,0x0000000086d80000)
 Metaspace       used 20619K, capacity 21104K, committed 21248K, reserved 1069056K
  class space    used 2275K, capacity 2433K, committed 2560K, reserved 1048576K
Event: 4.811 GC heap after
Heap after GC invocations=6 (full 1):
 PSYoungGen      total 138240K, used 0K [0x00000000d5d80000, 0x00000000e8980000, 0x0000000100000000)
  eden space 133120K, 0% used [0x00000000d5d80000,0x00000000d5d80000,0x00000000ddf80000)
  from space 5120K, 0% used [0x00000000ddf80000,0x00000000ddf80000,0x00000000de480000)
  to   space 20480K, 0% used [0x00000000e7580000,0x00000000e7580000,0x00000000e8980000)
 ParOldGen       total 67584K, used 18702K [0x0000000081800000, 0x0000000085a00000, 0x00000000d5d80000)
  object space 67584K, 27% used [0x0000000081800000,0x0000000082a43910,0x0000000085a00000)
 Metaspace       used 20619K, capacity 21104K, committed 21248K, reserved 1069056K
  class space    used 2275K, capacity 2433K, committed 2560K, reserved 1048576K
}
Event: 5.677 GC heap before
{Heap before GC invocations=7 (full 1):
 PSYoungGen      total 138240K, used 133120K [0x00000000d5d80000, 0x00000000e8980000, 0x0000000100000000)
  eden space 133120K, 100% used [0x00000000d5d80000,0x00000000ddf80000,0x00000000ddf80000)
  from space 5120K, 0% used [0x00000000ddf80000,0x00000000ddf80000,0x00000000de480000)
  to   space 20480K, 0% used [0x00000000e7580000,0x00000000e7580000,0x00000000e8980000)
 ParOldGen       total 67584K, used 18702K [0x0000000081800000, 0x0000000085a00000, 0x00000000d5d80000)
  object space 67584K, 27% used [0x0000000081800000,0x0000000082a43910,0x0000000085a00000)
 Metaspace       used 25610K, capacity 26194K, committed 26496K, reserved 1073152K
  class space    used 2688K, capacity 2825K, committed 2944K, reserved 1048576K
Event: 5.715 GC heap after
Heap after GC invocations=7 (full 1):
 PSYoungGen      total 279040K, used 20461K [0x00000000d5d80000, 0x00000000e8d00000, 0x0000000100000000)
  eden space 258560K, 0% used [0x00000000d5d80000,0x00000000d5d80000,0x00000000e5a00000)
  from space 20480K, 99% used [0x00000000e7580000,0x00000000e897b630,0x00000000e8980000)
  to   space 26112K, 0% used [0x00000000e5a00000,0x00000000e5a00000,0x00000000e7380000)
 ParOldGen       total 67584K, used 20619K [0x0000000081800000, 0x0000000085a00000, 0x00000000d5d80000)
  object space 67584K, 30% used [0x0000000081800000,0x0000000082c22d10,0x0000000085a00000)
 Metaspace       used 25610K, capacity 26194K, committed 26496K, reserved 1073152K
  class space    used 2688K, capacity 2825K, committed 2944K, reserved 1048576K
}
Event: 9.612 GC heap before
{Heap before GC invocations=8 (full 1):
 PSYoungGen      total 279040K, used 100655K [0x00000000d5d80000, 0x00000000e8d00000, 0x0000000100000000)
  eden space 258560K, 31% used [0x00000000d5d80000,0x00000000dabd0918,0x00000000e5a00000)
  from space 20480K, 99% used [0x00000000e7580000,0x00000000e897b630,0x00000000e8980000)
  to   space 26112K, 0% used [0x00000000e5a00000,0x00000000e5a00000,0x00000000e7380000)
 ParOldGen       total 67584K, used 20619K [0x0000000081800000, 0x0000000085a00000, 0x00000000d5d80000)
  object space 67584K, 30% used [0x0000000081800000,0x0000000082c22d10,0x0000000085a00000)
 Metaspace       used 34461K, capacity 35152K, committed 35416K, reserved 1081344K
  class space    used 3650K, capacity 3851K, committed 3928K, reserved 1048576K
Event: 9.629 GC heap after
Heap after GC invocations=8 (full 1):
 PSYoungGen      total 284672K, used 11600K [0x00000000d5d80000, 0x00000000f7300000, 0x0000000100000000)
  eden space 258560K, 0% used [0x00000000d5d80000,0x00000000d5d80000,0x00000000e5a00000)
  from space 26112K, 44% used [0x00000000e5a00000,0x00000000e65540e0,0x00000000e7380000)
  to   space 24064K, 0% used [0x00000000f5b80000,0x00000000f5b80000,0x00000000f7300000)
 ParOldGen       total 67584K, used 20627K [0x0000000081800000, 0x0000000085a00000, 0x00000000d5d80000)
  object space 67584K, 30% used [0x0000000081800000,0x0000000082c24d10,0x0000000085a00000)
 Metaspace       used 34461K, capacity 35152K, committed 35416K, reserved 1081344K
  class space    used 3650K, capacity 3851K, committed 3928K, reserved 1048576K
}
Event: 9.629 GC heap before
{Heap before GC invocations=9 (full 2):
 PSYoungGen      total 284672K, used 11600K [0x00000000d5d80000, 0x00000000f7300000, 0x0000000100000000)
  eden space 258560K, 0% used [0x00000000d5d80000,0x00000000d5d80000,0x00000000e5a00000)
  from space 26112K, 44% used [0x00000000e5a00000,0x00000000e65540e0,0x00000000e7380000)
  to   space 24064K, 0% used [0x00000000f5b80000,0x00000000f5b80000,0x00000000f7300000)
 ParOldGen       total 67584K, used 20627K [0x0000000081800000, 0x0000000085a00000, 0x00000000d5d80000)
  object space 67584K, 30% used [0x0000000081800000,0x0000000082c24d10,0x0000000085a00000)
 Metaspace       used 34461K, capacity 35152K, committed 35416K, reserved 1081344K
  class space    used 3650K, capacity 3851K, committed 3928K, reserved 1048576K
Event: 9.693 GC heap after
Heap after GC invocations=9 (full 2):
 PSYoungGen      total 284672K, used 0K [0x00000000d5d80000, 0x00000000f7300000, 0x0000000100000000)
  eden space 258560K, 0% used [0x00000000d5d80000,0x00000000d5d80000,0x00000000e5a00000)
  from space 26112K, 0% used [0x00000000e5a00000,0x00000000e5a00000,0x00000000e7380000)
  to   space 24064K, 0% used [0x00000000f5b80000,0x00000000f5b80000,0x00000000f7300000)
 ParOldGen       total 71168K, used 18962K [0x0000000081800000, 0x0000000085d80000, 0x00000000d5d80000)
  object space 71168K, 26% used [0x0000000081800000,0x0000000082a84920,0x0000000085d80000)
 Metaspace       used 34461K, capacity 35152K, committed 35416K, reserved 1081344K
  class space    used 3650K, capacity 3851K, committed 3928K, reserved 1048576K
}

